node.exe : npm warn 
deprecated 
node-domexception@1.0.0: 
Use your platform's native 
DOMException instead
En línea: 1 Carácter: 1
+ & "C:\Program 
Files\nodejs/node.exe" 
"C:\Program 
Files\nodejs/node_mo ...
+ ~~~~~~~~~~~~~~~~~~~~~~~~~
~~~~~~~~~~~~~~~~~~~~~~~~~~~
~~~~~~~~~~~~~~~~~
    + CategoryInfo         
     : NotSpecified: (npm  
   warn deprec...ception   
  instead:String) [], R    
emoteException
    + FullyQualifiedErrorI 
   d : NativeCommandError
 
npm warn deprecated 
glob@10.5.0: Old versions 
of glob are not supported, 
and contain widely 
publicized security 
vulnerabilities, which 
have been fixed in the 
current version. Please 
update. Support for old 
versions may be purchased 
(at exorbitant rates) by 
contacting i@izs.me

added 1074 packages, and audited 1075 packages in 20s

265 packages are looking for funding
  run `npm fund` for details

19 low severity vulnerabilities

To address issues that do not require attention, run:
  npm audit fix

To address all issues (including breaking changes), run:
  npm audit fix --force

Run `npm audit` for details.
